
   ____    __
  / __/___/ /  ___
 / _// __/ _ \/ _ \
/___/\__/_//_/\___/ v4.1.16
High performance, minimalist Go web framework
https://echo.labstack.com
____________________________________O/_______
                                    O\
⇨ http server started on [::]:9000
[2020-09-20 19:33:51.29994] [ECHO ] [core/server.go:0] [id=] [remote_ip=::1] [status=405] [error=code=405, message=Method Not Allowed] [protocol=HTTP/1.1] [agent=PostmanRuntime/7.26.3] [latency=99400] [latency_human=99.4µs] [bytes_in=0] [bytes_out=58] – GET localhost:9000/login
[2020-09-20 19:34:36.57362] [DEBUG] [security/services.go:27] – &{admin@admin 123}
[2020-09-20 19:34:36.57382] [ECHO ] [core/server.go:0] [id=] [remote_ip=::1] [status=200] [error=] [protocol=HTTP/1.1] [agent=PostmanRuntime/7.26.3] [latency=299321] [latency_human=299.321µs] [bytes_in=278] [bytes_out=171] – POST localhost:9000/login

   ____    __
  / __/___/ /  ___
 / _// __/ _ \/ _ \
/___/\__/_//_/\___/ v4.1.16
High performance, minimalist Go web framework
https://echo.labstack.com
____________________________________O/_______
                                    O\
⇨ http server started on [::]:9000
[2020-09-20 19:36:24.53325] [ECHO ] [core/server.go:0] [id=] [remote_ip=::1] [status=200] [error=] [protocol=HTTP/1.1] [agent=PostmanRuntime/7.26.3] [latency=23348991] [latency_human=23.348991ms] [bytes_in=0] [bytes_out=442495] – GET localhost:9000/api/v1/medicao

   ____    __
  / __/___/ /  ___
 / _// __/ _ \/ _ \
/___/\__/_//_/\___/ v4.1.16
High performance, minimalist Go web framework
https://echo.labstack.com
____________________________________O/_______
                                    O\
⇨ http server started on [::]:9000
[2020-09-20 19:37:28.20602] [ECHO ] [core/server.go:0] [id=] [remote_ip=::1] [status=200] [error=] [protocol=HTTP/1.1] [agent=PostmanRuntime/7.26.3] [latency=25520113] [latency_human=25.520113ms] [bytes_in=0] [bytes_out=369495] – GET localhost:9000/api/v1/medicao
[2020-09-20 19:38:09.16563] [ERROR] [repository/medidor.go:16] – > Erro no exec: pq: column "ultima_data_sincronizada" does not exist
[2020-09-20 19:38:09.16574] [ERROR] [service/medidor.go:50] – Erro no Repository: pq: column "ultima_data_sincronizada" does not exist
[2020-09-20 19:38:09.16584] [ECHO ] [core/server.go:0] [id=] [remote_ip=::1] [status=500] [error=] [protocol=HTTP/1.1] [agent=PostmanRuntime/7.26.3] [latency=1014881] [latency_human=1.014881ms] [bytes_in=0] [bytes_out=75] – GET localhost:9000/api/v1/medidor

   ____    __
  / __/___/ /  ___
 / _// __/ _ \/ _ \
/___/\__/_//_/\___/ v4.1.16
High performance, minimalist Go web framework
https://echo.labstack.com
____________________________________O/_______
                                    O\
⇨ http server started on [::]:9000
[2020-09-20 19:38:39.65714] [ECHO ] [core/server.go:0] [id=] [remote_ip=::1] [status=200] [error=] [protocol=HTTP/1.1] [agent=PostmanRuntime/7.26.3] [latency=72123790] [latency_human=72.12379ms] [bytes_in=0] [bytes_out=81848] – GET localhost:9000/api/v1/medidor
[2020-09-20 19:38:55.52379] [ECHO ] [core/server.go:0] [id=] [remote_ip=::1] [status=200] [error=] [protocol=HTTP/1.1] [agent=PostmanRuntime/7.26.3] [latency=50773646] [latency_human=50.773646ms] [bytes_in=0] [bytes_out=3835] – GET localhost:9000/api/v1/medidorenel

   ____    __
  / __/___/ /  ___
 / _// __/ _ \/ _ \
/___/\__/_//_/\___/ v4.1.16
High performance, minimalist Go web framework
https://echo.labstack.com
____________________________________O/_______
                                    O\
⇨ http server started on [::]:9000
[2020-09-20 19:40:21.98542] [ECHO ] [core/server.go:0] [id=] [remote_ip=::1] [status=500] [error=json: error calling MarshalJSON for type model.NullString: unexpected end of JSON input] [protocol=HTTP/1.1] [agent=PostmanRuntime/7.26.3] [latency=35881682] [latency_human=35.881682ms] [bytes_in=0] [bytes_out=61] – GET localhost:9000/api/v1/medidorenel

   ____    __
  / __/___/ /  ___
 / _// __/ _ \/ _ \
/___/\__/_//_/\___/ v4.1.16
High performance, minimalist Go web framework
https://echo.labstack.com
____________________________________O/_______
                                    O\
⇨ http server started on [::]:9000
[2020-09-20 19:40:50.02305] [ECHO ] [core/server.go:0] [id=] [remote_ip=::1] [status=200] [error=] [protocol=HTTP/1.1] [agent=PostmanRuntime/7.26.3] [latency=35808898] [latency_human=35.808898ms] [bytes_in=0] [bytes_out=3835] – GET localhost:9000/api/v1/medidorenel

   ____    __
  / __/___/ /  ___
 / _// __/ _ \/ _ \
/___/\__/_//_/\___/ v4.1.16
High performance, minimalist Go web framework
https://echo.labstack.com
____________________________________O/_______
                                    O\
⇨ http server started on [::]:9000
[2020-09-20 19:41:31.61068] [ECHO ] [core/server.go:0] [id=] [remote_ip=::1] [status=500] [error=json: error calling MarshalJSON for type model.NullString: unexpected end of JSON input] [protocol=HTTP/1.1] [agent=PostmanRuntime/7.26.3] [latency=37646556] [latency_human=37.646556ms] [bytes_in=0] [bytes_out=61] – GET localhost:9000/api/v1/medidorenel

   ____    __
  / __/___/ /  ___
 / _// __/ _ \/ _ \
/___/\__/_//_/\___/ v4.1.16
High performance, minimalist Go web framework
https://echo.labstack.com
____________________________________O/_______
                                    O\
⇨ http server started on [::]:9000
[2020-09-20 19:42:13.08062] [INFO ] [model/nullSqlAliases.go:83] – AQUI
[2020-09-20 19:42:13.08075] [INFO ] [model/nullSqlAliases.go:83] – AQUI
[2020-09-20 19:42:13.08081] [INFO ] [model/nullSqlAliases.go:83] – AQUI
[2020-09-20 19:42:13.08083] [INFO ] [model/nullSqlAliases.go:83] – AQUI
[2020-09-20 19:42:13.08087] [INFO ] [model/nullSqlAliases.go:83] – AQUI
[2020-09-20 19:42:13.08090] [INFO ] [model/nullSqlAliases.go:83] – AQUI
[2020-09-20 19:42:13.08093] [INFO ] [model/nullSqlAliases.go:83] – AQUI
[2020-09-20 19:42:13.08095] [INFO ] [model/nullSqlAliases.go:83] – AQUI
[2020-09-20 19:42:13.08099] [INFO ] [model/nullSqlAliases.go:83] – AQUI
[2020-09-20 19:42:13.08102] [INFO ] [model/nullSqlAliases.go:83] – AQUI
[2020-09-20 19:42:13.08105] [INFO ] [model/nullSqlAliases.go:83] – AQUI
[2020-09-20 19:42:13.08107] [INFO ] [model/nullSqlAliases.go:83] – AQUI
[2020-09-20 19:42:13.08110] [INFO ] [model/nullSqlAliases.go:83] – AQUI
[2020-09-20 19:42:13.08113] [INFO ] [model/nullSqlAliases.go:83] – AQUI
[2020-09-20 19:42:13.08116] [INFO ] [model/nullSqlAliases.go:83] – AQUI
[2020-09-20 19:42:13.08118] [INFO ] [model/nullSqlAliases.go:83] – AQUI
[2020-09-20 19:42:13.08121] [INFO ] [model/nullSqlAliases.go:83] – AQUI
[2020-09-20 19:42:13.08123] [INFO ] [model/nullSqlAliases.go:83] – AQUI
[2020-09-20 19:42:13.08127] [INFO ] [model/nullSqlAliases.go:83] – AQUI
[2020-09-20 19:42:13.08130] [INFO ] [model/nullSqlAliases.go:83] – AQUI
[2020-09-20 19:42:13.08133] [INFO ] [model/nullSqlAliases.go:83] – AQUI
[2020-09-20 19:42:13.08135] [INFO ] [model/nullSqlAliases.go:83] – AQUI
[2020-09-20 19:42:13.08149] [ECHO ] [core/server.go:0] [id=] [remote_ip=::1] [status=200] [error=] [protocol=HTTP/1.1] [agent=PostmanRuntime/7.26.3] [latency=36787196] [latency_human=36.787196ms] [bytes_in=0] [bytes_out=3835] – GET localhost:9000/api/v1/medidorenel

   ____    __
  / __/___/ /  ___
 / _// __/ _ \/ _ \
/___/\__/_//_/\___/ v4.1.16
High performance, minimalist Go web framework
https://echo.labstack.com
____________________________________O/_______
                                    O\
⇨ http server started on [::]:9000
[2020-09-20 19:42:42.64967] [INFO ] [model/nullSqlAliases.go:83] – AQUI
[2020-09-20 19:42:42.64981] [INFO ] [model/nullSqlAliases.go:83] – AQUI
[2020-09-20 19:42:42.64986] [INFO ] [model/nullSqlAliases.go:83] – AQUI
[2020-09-20 19:42:42.64989] [INFO ] [model/nullSqlAliases.go:83] – AQUI
[2020-09-20 19:42:42.64994] [INFO ] [model/nullSqlAliases.go:83] – AQUI
[2020-09-20 19:42:42.64997] [INFO ] [model/nullSqlAliases.go:83] – AQUI
[2020-09-20 19:42:42.65000] [INFO ] [model/nullSqlAliases.go:83] – AQUI
[2020-09-20 19:42:42.65003] [INFO ] [model/nullSqlAliases.go:83] – AQUI
[2020-09-20 19:42:42.65007] [INFO ] [model/nullSqlAliases.go:83] – AQUI
[2020-09-20 19:42:42.65011] [INFO ] [model/nullSqlAliases.go:83] – AQUI
[2020-09-20 19:42:42.65015] [INFO ] [model/nullSqlAliases.go:83] – AQUI
[2020-09-20 19:42:42.65018] [INFO ] [model/nullSqlAliases.go:83] – AQUI
[2020-09-20 19:42:42.65021] [INFO ] [model/nullSqlAliases.go:83] – AQUI
[2020-09-20 19:42:42.65025] [INFO ] [model/nullSqlAliases.go:83] – AQUI
[2020-09-20 19:42:42.65028] [INFO ] [model/nullSqlAliases.go:83] – AQUI
[2020-09-20 19:42:42.65030] [INFO ] [model/nullSqlAliases.go:83] – AQUI
[2020-09-20 19:42:42.65032] [INFO ] [model/nullSqlAliases.go:83] – AQUI
[2020-09-20 19:42:42.65034] [INFO ] [model/nullSqlAliases.go:83] – AQUI
[2020-09-20 19:42:42.65037] [INFO ] [model/nullSqlAliases.go:83] – AQUI
[2020-09-20 19:42:42.65039] [INFO ] [model/nullSqlAliases.go:83] – AQUI
[2020-09-20 19:42:42.65041] [INFO ] [model/nullSqlAliases.go:83] – AQUI
[2020-09-20 19:42:42.65043] [INFO ] [model/nullSqlAliases.go:83] – AQUI
[2020-09-20 19:42:42.65056] [ECHO ] [core/server.go:0] [id=] [remote_ip=::1] [status=200] [error=] [protocol=HTTP/1.1] [agent=PostmanRuntime/7.26.3] [latency=37662341] [latency_human=37.662341ms] [bytes_in=0] [bytes_out=3835] – GET localhost:9000/api/v1/medidorenel

   ____    __
  / __/___/ /  ___
 / _// __/ _ \/ _ \
/___/\__/_//_/\___/ v4.1.16
High performance, minimalist Go web framework
https://echo.labstack.com
____________________________________O/_______
                                    O\
⇨ http server started on [::]:9000
[2020-09-20 19:43:12.06191] [ECHO ] [core/server.go:0] [id=] [remote_ip=::1] [status=500] [error=json: error calling MarshalJSON for type model.NullString: unexpected end of JSON input] [protocol=HTTP/1.1] [agent=PostmanRuntime/7.26.3] [latency=35298872] [latency_human=35.298872ms] [bytes_in=0] [bytes_out=61] – GET localhost:9000/api/v1/medidorenel

   ____    __
  / __/___/ /  ___
 / _// __/ _ \/ _ \
/___/\__/_//_/\___/ v4.1.16
High performance, minimalist Go web framework
https://echo.labstack.com
____________________________________O/_______
                                    O\
⇨ http server started on [::]:9000
[2020-09-20 19:43:35.46707] [ECHO ] [core/server.go:0] [id=] [remote_ip=::1] [status=500] [error=json: error calling MarshalJSON for type model.NullString: invalid character 'e' in literal true (expecting 'r')] [protocol=HTTP/1.1] [agent=PostmanRuntime/7.26.3] [latency=36336647] [latency_human=36.336647ms] [bytes_in=0] [bytes_out=61] – GET localhost:9000/api/v1/medidorenel

   ____    __
  / __/___/ /  ___
 / _// __/ _ \/ _ \
/___/\__/_//_/\___/ v4.1.16
High performance, minimalist Go web framework
https://echo.labstack.com
____________________________________O/_______
                                    O\
⇨ http server started on [::]:9000
[2020-09-20 19:44:03.44705] [ECHO ] [core/server.go:0] [id=] [remote_ip=::1] [status=200] [error=] [protocol=HTTP/1.1] [agent=PostmanRuntime/7.26.3] [latency=35853774] [latency_human=35.853774ms] [bytes_in=0] [bytes_out=3857] – GET localhost:9000/api/v1/medidorenel

   ____    __
  / __/___/ /  ___
 / _// __/ _ \/ _ \
/___/\__/_//_/\___/ v4.1.16
High performance, minimalist Go web framework
https://echo.labstack.com
____________________________________O/_______
                                    O\
⇨ http server started on [::]:9000

   ____    __
  / __/___/ /  ___
 / _// __/ _ \/ _ \
/___/\__/_//_/\___/ v4.1.16
High performance, minimalist Go web framework
https://echo.labstack.com
____________________________________O/_______
                                    O\
⇨ http server started on [::]:9000
[2020-09-20 19:44:30.21344] [ECHO ] [core/server.go:0] [id=] [remote_ip=::1] [status=200] [error=] [protocol=HTTP/1.1] [agent=PostmanRuntime/7.26.3] [latency=35598117] [latency_human=35.598117ms] [bytes_in=0] [bytes_out=3835] – GET localhost:9000/api/v1/medidorenel
[2020-09-20 19:48:00.21214] [ERROR] [repository/endereco.go:44] – Erro no scan: pq: function uuid_generate_v4() does not exist
[2020-09-20 19:48:00.48188] [ERROR] [service/endereco.go:23] – Erro no Repository: pq: function uuid_generate_v4() does not exist
[2020-09-20 19:48:00.48226] [ECHO ] [core/server.go:0] [id=] [remote_ip=::1] [status=500] [error=] [protocol=HTTP/1.1] [agent=PostmanRuntime/7.26.3] [latency=334828541] [latency_human=334.828541ms] [bytes_in=166] [bytes_out=67] – POST localhost:9000/api/v1/endereco

   ____    __
  / __/___/ /  ___
 / _// __/ _ \/ _ \
/___/\__/_//_/\___/ v4.1.16
High performance, minimalist Go web framework
https://echo.labstack.com
____________________________________O/_______
                                    O\
⇨ http server started on [::]:9000
[2020-09-20 19:48:59.62886] [ERROR] [repository/endereco.go:44] – Erro no scan: pq: value too long for type character varying(8)
[2020-09-20 19:48:59.66165] [ERROR] [service/endereco.go:23] – Erro no Repository: pq: value too long for type character varying(8)
[2020-09-20 19:48:59.66235] [ECHO ] [core/server.go:0] [id=] [remote_ip=::1] [status=500] [error=] [protocol=HTTP/1.1] [agent=PostmanRuntime/7.26.3] [latency=134667319] [latency_human=134.667319ms] [bytes_in=166] [bytes_out=69] – POST localhost:9000/api/v1/endereco
[2020-09-20 19:49:32.00001] [ECHO ] [core/server.go:0] [id=] [remote_ip=::1] [status=200] [error=] [protocol=HTTP/1.1] [agent=PostmanRuntime/7.26.3] [latency=636358262] [latency_human=636.358262ms] [bytes_in=165] [bytes_out=227] – POST localhost:9000/api/v1/endereco

   ____    __
  / __/___/ /  ___
 / _// __/ _ \/ _ \
/___/\__/_//_/\___/ v4.1.16
High performance, minimalist Go web framework
https://echo.labstack.com
____________________________________O/_______
                                    O\
⇨ http server started on [::]:9000

   ____    __
  / __/___/ /  ___
 / _// __/ _ \/ _ \
/___/\__/_//_/\___/ v4.1.16
High performance, minimalist Go web framework
https://echo.labstack.com
____________________________________O/_______
                                    O\
⇨ http server started on [::]:9000

   ____    __
  / __/___/ /  ___
 / _// __/ _ \/ _ \
/___/\__/_//_/\___/ v4.1.16
High performance, minimalist Go web framework
https://echo.labstack.com
____________________________________O/_______
                                    O\
⇨ http server started on [::]:9000
[2020-09-20 20:32:43.78087] [ECHO ] [core/server.go:0] [id=] [remote_ip=::1] [status=200] [error=] [protocol=HTTP/1.1] [agent=PostmanRuntime/7.26.3] [latency=1749966793] [latency_human=1.749966793s] [bytes_in=123] [bytes_out=237] – POST localhost:9000/cadastrar
[2020-09-20 20:33:22.35134] [DEBUG] [security/services.go:29] – &{ratacheski 1234}
[2020-09-20 20:33:23.74289] [ECHO ] [core/server.go:0] [id=] [remote_ip=::1] [status=401] [error=] [protocol=HTTP/1.1] [agent=PostmanRuntime/7.26.3] [latency=1391616493] [latency_human=1.391616493s] [bytes_in=48] [bytes_out=15] – POST localhost:9000/login
[2020-09-20 20:33:27.55611] [DEBUG] [security/services.go:29] – &{ratacheski 123}
[2020-09-20 20:33:28.92145] [ECHO ] [core/server.go:0] [id=] [remote_ip=::1] [status=200] [error=] [protocol=HTTP/1.1] [agent=PostmanRuntime/7.26.3] [latency=1365388710] [latency_human=1.36538871s] [bytes_in=47] [bytes_out=273] – POST localhost:9000/login
